\BOOKMARK [0][]{chapter.1}{\376\377\0001\000\040\000S\000t\000r\000u\000c\000t\000u\000r\000e\000s\000\040\000d\000e\000\040\000d\000o\000n\000n\000\351\000e\000s\000\040\000f\000o\000n\000d\000a\000m\000e\000n\000t\000a\000l\000e\000s}{}% 1
\BOOKMARK [1][]{section.1.1}{\376\377\0001\000.\0001\000\040\000V\000a\000r\000i\000a\000b\000l\000e\000s}{chapter.1}% 2
\BOOKMARK [2][]{section*.3}{\376\377\000D\000\351\000c\000l\000a\000r\000a\000t\000i\000o\000n\000\040\000d\000e\000\040\000v\000a\000r\000i\000a\000b\000l\000e\000s}{section.1.1}% 3
\BOOKMARK [2][]{lstnumber.-1.3}{\376\377\000I\000n\000i\000t\000i\000a\000l\000i\000s\000a\000t\000i\000o\000n\000\040\000d\000e\000s\000\040\000v\000a\000r\000i\000a\000b\000l\000e\000s}{section.1.1}% 4
\BOOKMARK [2][]{lstnumber.-2.3}{\376\377\000U\000t\000i\000l\000i\000s\000a\000t\000i\000o\000n\000\040\000d\000e\000s\000\040\000v\000a\000r\000i\000a\000b\000l\000e\000s}{section.1.1}% 5
\BOOKMARK [2][]{lstnumber.-3.5}{\376\377\000P\000o\000r\000t\000\351\000e\000\040\000d\000e\000s\000\040\000v\000a\000r\000i\000a\000b\000l\000e\000s}{section.1.1}% 6
\BOOKMARK [1][]{section.1.2}{\376\377\0001\000.\0002\000\040\000P\000o\000i\000n\000t\000e\000u\000r\000s}{chapter.1}% 7
\BOOKMARK [2][]{section*.4}{\376\377\000D\000\351\000c\000l\000a\000r\000a\000t\000i\000o\000n\000\040\000d\000e\000\040\000p\000o\000i\000n\000t\000e\000u\000r\000s}{section.1.2}% 8
\BOOKMARK [2][]{lstnumber.-5.3}{\376\377\000I\000n\000i\000t\000i\000a\000l\000i\000s\000a\000t\000i\000o\000n\000\040\000d\000e\000\040\000p\000o\000i\000n\000t\000e\000u\000r\000s}{section.1.2}% 9
\BOOKMARK [2][]{lstnumber.-6.3}{\376\377\000U\000t\000i\000l\000i\000s\000a\000t\000i\000o\000n\000\040\000d\000e\000\040\000p\000o\000i\000n\000t\000e\000u\000r\000s}{section.1.2}% 10
\BOOKMARK [2][]{lstnumber.-7.9}{\376\377\000D\000o\000u\000b\000l\000e\000\040\000p\000o\000i\000n\000t\000e\000u\000r\000s}{section.1.2}% 11
\BOOKMARK [2][]{lstnumber.-8.7}{\376\377\000U\000t\000i\000l\000i\000s\000a\000t\000i\000o\000n\000\040\000a\000v\000a\000n\000c\000\351\000e\000\040\000d\000e\000s\000\040\000p\000o\000i\000n\000t\000e\000u\000r\000s}{section.1.2}% 12
\BOOKMARK [2][]{lstnumber.-9.6}{\376\377\000P\000o\000i\000n\000t\000e\000u\000r\000s\000\040\000e\000t\000\040\000m\000\351\000m\000o\000i\000r\000e\000\040\000d\000y\000n\000a\000m\000i\000q\000u\000e}{section.1.2}% 13
\BOOKMARK [1][]{section.1.3}{\376\377\0001\000.\0003\000\040\000T\000y\000p\000e\000s\000\040\000d\000e\000\040\000d\000o\000n\000n\000\351\000e\000s}{chapter.1}% 14
\BOOKMARK [2][]{section*.5}{\376\377\000T\000y\000p\000e\000s\000\040\000d\000e\000\040\000d\000o\000n\000n\000\351\000e\000s\000\040\000d\000e\000\040\000b\000a\000s\000e}{section.1.3}% 15
\BOOKMARK [2][]{lstnumber.-11.4}{\376\377\000T\000y\000p\000e\000s\000\040\000d\000e\000\040\000d\000o\000n\000n\000\351\000e\000s\000\040\000d\000\351\000r\000i\000v\000\351\000s}{section.1.3}% 16
\BOOKMARK [2][]{lstnumber.-15.3}{\376\377\000T\000y\000p\000e\000d\000e\000f}{section.1.3}% 17
\BOOKMARK [1][]{section.1.4}{\376\377\0001\000.\0004\000\040\000E\000x\000e\000r\000c\000i\000c\000e\000s}{chapter.1}% 18
\BOOKMARK [2][]{section*.6}{\376\377\000V\000a\000r\000i\000a\000b\000l\000e\000s\000\040\000e\000t\000\040\000t\000y\000p\000e\000s\000\040\000d\000e\000\040\000d\000o\000n\000n\000\351\000e\000s}{section.1.4}% 19
\BOOKMARK [2][]{Item.18}{\376\377\000P\000o\000i\000n\000t\000e\000u\000r\000s}{section.1.4}% 20
\BOOKMARK [2][]{Item.22}{\376\377\000T\000a\000b\000l\000e\000a\000u\000x}{section.1.4}% 21
\BOOKMARK [2][]{Item.26}{\376\377\000C\000h\000a\000\356\000n\000e\000s\000\040\000d\000e\000\040\000c\000a\000r\000a\000c\000t\000\350\000r\000e\000s}{section.1.4}% 22
\BOOKMARK [2][]{Item.30}{\376\377\000S\000t\000r\000u\000c\000t\000u\000r\000e\000s}{section.1.4}% 23
\BOOKMARK [0][]{chapter.2}{\376\377\0002\000\040\000A\000l\000g\000o\000r\000i\000t\000h\000m\000e\000s\000\040\000d\000e\000\040\000t\000r\000i\000\040\000e\000t\000\040\000d\000e\000\040\000r\000e\000c\000h\000e\000r\000c\000h\000e}{}% 24
\BOOKMARK [1][]{section.2.1}{\376\377\0002\000.\0001\000\040\000Q\000u\040\031\000e\000s\000t\000-\000c\000e\000\040\000q\000u\040\031\000u\000n\000\040\000a\000l\000g\000o\000r\000i\000t\000h\000m\000e\000?}{chapter.2}% 25
\BOOKMARK [1][]{section.2.2}{\376\377\0002\000.\0002\000\040\000R\000\351\000c\000u\000r\000s\000i\000o\000n}{chapter.2}% 26
\BOOKMARK [1][]{section.2.3}{\376\377\0002\000.\0003\000\040\000A\000l\000g\000o\000r\000i\000t\000h\000m\000e\000s\000\040\000d\000e\000\040\000t\000r\000i}{chapter.2}% 27
\BOOKMARK [1][]{section.2.4}{\376\377\0002\000.\0004\000\040\000A\000l\000g\000o\000r\000i\000t\000h\000m\000e\000s\000\040\000d\000e\000\040\000r\000e\000c\000h\000e\000r\000c\000h\000e}{chapter.2}% 28
\BOOKMARK [1][]{section.2.5}{\376\377\0002\000.\0005\000\040\000E\000x\000e\000r\000c\000i\000c\000e\000s}{chapter.2}% 29
\BOOKMARK [0][]{chapter.3}{\376\377\0003\000\040\000C\000o\000m\000p\000l\000e\000x\000i\000t\000\351\000\040\000a\000l\000g\000o\000r\000i\000t\000h\000m\000i\000q\000u\000e}{}% 30
\BOOKMARK [1][]{section.3.1}{\376\377\0003\000.\0001\000\040\000L\000e\000s\000\040\000b\000o\000r\000n\000e\000s\000\040\000a\000s\000y\000m\000p\000t\000o\000t\000i\000q\000u\000e\000s}{chapter.3}% 31
\BOOKMARK [1][]{section.3.2}{\376\377\0003\000.\0002\000\040\000L\000a\000\040\000n\000o\000t\000a\000t\000i\000o\000n\000\040\000O}{chapter.3}% 32
\BOOKMARK [1][]{section.3.3}{\376\377\0003\000.\0003\000\040\000L\000e\000s\000\040\000n\000o\000t\000a\000t\000i\000o\000n\000s\000\040\000\040\000e\000t\000\040}{chapter.3}% 33
\BOOKMARK [1][]{section.3.4}{\376\377\0003\000.\0004\000\040\000C\000o\000m\000p\000l\000e\000x\000i\000t\000\351\000\040\000d\000e\000\040\000c\000e\000r\000t\000a\000i\000n\000s\000\040\000a\000l\000g\000o\000r\000i\000t\000h\000m\000e\000s}{chapter.3}% 34
\BOOKMARK [2][]{section*.7}{\376\377\000T\000e\000m\000p\000s\000\040\000c\000o\000n\000s\000t\000a\000n\000t\000\040\000\050\000O\000\050\0001\000\051\000\051}{section.3.4}% 35
\BOOKMARK [2][]{algorithm.13}{\376\377\000T\000e\000m\000p\000s\000\040\000l\000i\000n\000\351\000a\000i\000r\000e\000\040\000\050\000O\000\050\000n\000\051\000\051}{section.3.4}% 36
\BOOKMARK [2][]{algorithm.14}{\376\377\000T\000e\000m\000p\000s\000\040\000q\000u\000a\000d\000r\000a\000t\000i\000q\000u\000e\000\040\000\050\000O\000\050\000n\0002\000\051\000\051}{section.3.4}% 37
\BOOKMARK [2][]{algorithm.15}{\376\377\000T\000e\000m\000p\000s\000\040\000e\000x\000p\000o\000n\000e\000n\000t\000i\000e\000l\000\040\000\050\000O\000\050\0002\000n\000\051\000\051}{section.3.4}% 38
\BOOKMARK [1][]{section.3.5}{\376\377\0003\000.\0005\000\040\000E\000x\000e\000r\000c\000i\000c\000e\000s}{chapter.3}% 39
\BOOKMARK [0][]{chapter.4}{\376\377\0004\000\040\000S\000t\000r\000u\000c\000t\000u\000r\000e\000s\000\040\000d\000e\000\040\000d\000o\000n\000n\000\351\000e\000s\000\040\000a\000v\000a\000n\000c\000\351\000e\000s}{}% 40
\BOOKMARK [1][]{section.4.1}{\376\377\0004\000.\0001\000\040\000L\000i\000s\000t\000e\000s\000\040\000c\000h\000a\000\356\000n\000\351\000e\000s}{chapter.4}% 41
\BOOKMARK [2][]{figure.caption.8}{\376\377\000C\000r\000\351\000a\000t\000i\000o\000n\000\040\000d\000'\000u\000n\000e\000\040\000l\000i\000s\000t\000e\000\040\000c\000h\000a\000\356\000n\000\351\000e}{section.4.1}% 42
\BOOKMARK [2][]{figure.caption.8}{\376\377\000I\000n\000s\000e\000r\000t\000i\000o\000n\000\040\000d\000'\000u\000n\000\040\000n\001\123\000u\000d\000\040\000d\000a\000n\000s\000\040\000l\000a\000\040\000l\000i\000s\000t\000e\000\040\000c\000h\000a\000\356\000n\000\351\000e}{section.4.1}% 43
\BOOKMARK [2][]{figure.caption.8}{\376\377\000S\000u\000p\000p\000r\000e\000s\000s\000i\000o\000n\000\040\000d\000'\000u\000n\000\040\000n\001\123\000u\000d\000\040\000d\000e\000\040\000l\000a\000\040\000l\000i\000s\000t\000e\000\040\000c\000h\000a\000\356\000n\000\351\000e}{section.4.1}% 44
\BOOKMARK [2][]{figure.caption.8}{\376\377\000R\000\351\000s\000u\000m\000\351}{section.4.1}% 45
\BOOKMARK [1][]{section.4.2}{\376\377\0004\000.\0002\000\040\000P\000i\000l\000e\000s}{chapter.4}% 46
\BOOKMARK [2][]{figure.caption.9}{\376\377\000C\000o\000n\000s\000t\000r\000u\000c\000t\000i\000o\000n\000\040\000d\000'\000u\000n\000e\000\040\000p\000i\000l\000e}{section.4.2}% 47
\BOOKMARK [2][]{figure.caption.9}{\376\377\000I\000n\000s\000e\000r\000t\000i\000o\000n\000\040\000d\000'\000u\000n\000\040\000\351\000l\000\351\000m\000e\000n\000t\000\040\000d\000a\000n\000s\000\040\000u\000n\000e\000\040\000p\000i\000l\000e\000\040\000\050\000e\000m\000p\000i\000l\000a\000g\000e\000\051}{section.4.2}% 48
\BOOKMARK [2][]{figure.caption.9}{\376\377\000S\000u\000p\000p\000r\000e\000s\000s\000i\000o\000n\000\040\000d\000'\000u\000n\000\040\000\351\000l\000\351\000m\000e\000n\000t\000\040\000d\000a\000n\000s\000\040\000u\000n\000e\000\040\000p\000i\000l\000e\000\040\000\050\000d\000\351\000p\000i\000l\000a\000g\000e\000\051}{section.4.2}% 49
\BOOKMARK [2][]{figure.caption.9}{\376\377\000V\000\351\000r\000i\000f\000i\000c\000a\000t\000i\000o\000n\000\040\000s\000i\000\040\000l\000a\000\040\000p\000i\000l\000e\000\040\000e\000s\000t\000\040\000v\000i\000d\000e}{section.4.2}% 50
\BOOKMARK [2][]{figure.caption.9}{\376\377\000U\000t\000i\000l\000i\000s\000a\000t\000i\000o\000n\000s\000\040\000c\000o\000u\000r\000a\000n\000t\000e\000s\000\040\000d\000e\000s\000\040\000p\000i\000l\000e\000s}{section.4.2}% 51
\BOOKMARK [2][]{figure.caption.9}{\376\377\000R\000\351\000s\000u\000m\000\351}{section.4.2}% 52
\BOOKMARK [1][]{section.4.3}{\376\377\0004\000.\0003\000\040\000F\000i\000l\000e\000s}{chapter.4}% 53
\BOOKMARK [2][]{figure.caption.10}{\376\377\000C\000o\000n\000s\000t\000r\000u\000c\000t\000i\000o\000n\000\040\000d\000'\000u\000n\000e\000\040\000f\000i\000l\000e}{section.4.3}% 54
\BOOKMARK [2][]{figure.caption.10}{\376\377\000I\000n\000s\000e\000r\000t\000i\000o\000n\000\040\000d\000'\000u\000n\000\040\000\351\000l\000\351\000m\000e\000n\000t\000\040\000d\000a\000n\000s\000\040\000u\000n\000e\000\040\000f\000i\000l\000e\000\040\000\050\000e\000n\000f\000i\000l\000a\000g\000e\000\051}{section.4.3}% 55
\BOOKMARK [2][]{figure.caption.10}{\376\377\000S\000u\000p\000p\000r\000e\000s\000s\000i\000o\000n\000\040\000d\000'\000u\000n\000\040\000\351\000l\000\351\000m\000e\000n\000t\000\040\000d\000a\000n\000s\000\040\000u\000n\000e\000\040\000f\000i\000l\000e\000\040\000\050\000d\000\351\000f\000i\000l\000a\000g\000e\000\051}{section.4.3}% 56
\BOOKMARK [2][]{figure.caption.10}{\376\377\000V\000\351\000r\000i\000f\000i\000c\000a\000t\000i\000o\000n\000\040\000s\000i\000\040\000l\000a\000\040\000f\000i\000l\000e\000\040\000e\000s\000t\000\040\000v\000i\000d\000e}{section.4.3}% 57
\BOOKMARK [2][]{figure.caption.10}{\376\377\000U\000t\000i\000l\000i\000s\000a\000t\000i\000o\000n\000s\000\040\000c\000o\000u\000r\000a\000n\000t\000e\000s\000\040\000d\000e\000s\000\040\000f\000i\000l\000e\000s}{section.4.3}% 58
\BOOKMARK [2][]{figure.caption.10}{\376\377\000R\000\351\000s\000u\000m\000\351}{section.4.3}% 59
\BOOKMARK [1][]{section.4.4}{\376\377\0004\000.\0004\000\040\000A\000r\000b\000r\000e\000s\000\040\000b\000i\000n\000a\000i\000r\000e\000s}{chapter.4}% 60
\BOOKMARK [2][]{figure.caption.11}{\376\377\000C\000o\000n\000s\000t\000r\000u\000c\000t\000i\000o\000n\000\040\000d\000'\000u\000n\000\040\000a\000r\000b\000r\000e\000\040\000b\000i\000n\000a\000i\000r\000e}{section.4.4}% 61
\BOOKMARK [2][]{figure.caption.11}{\376\377\000I\000n\000s\000e\000r\000t\000i\000o\000n\000\040\000d\000a\000n\000s\000\040\000u\000n\000\040\000a\000r\000b\000r\000e\000\040\000b\000i\000n\000a\000i\000r\000e}{section.4.4}% 62
\BOOKMARK [2][]{figure.caption.11}{\376\377\000U\000t\000i\000l\000i\000s\000a\000t\000i\000o\000n\000s\000\040\000c\000o\000u\000r\000a\000n\000t\000e\000s\000\040\000d\000e\000s\000\040\000a\000r\000b\000r\000e\000s\000\040\000b\000i\000n\000a\000i\000r\000e\000s}{section.4.4}% 63
\BOOKMARK [2][]{figure.caption.11}{\376\377\000A\000l\000g\000o\000r\000i\000t\000h\000m\000e\000s\000\040\000d\000e\000\040\000p\000a\000r\000c\000o\000u\000r\000s\000\040\000d\000e\000s\000\040\000a\000r\000b\000r\000e\000s\000\040\000b\000i\000n\000a\000i\000r\000e\000s}{section.4.4}% 64
\BOOKMARK [2][]{Item.104}{\376\377\000R\000\351\000s\000u\000m\000\351}{section.4.4}% 65
\BOOKMARK [1][]{section.4.5}{\376\377\0004\000.\0005\000\040\000G\000r\000a\000p\000h\000e\000s}{chapter.4}% 66
\BOOKMARK [2][]{figure.caption.12}{\376\377\000C\000o\000n\000s\000t\000r\000u\000c\000t\000i\000o\000n\000\040\000d\000'\000u\000n\000\040\000g\000r\000a\000p\000h\000e}{section.4.5}% 67
\BOOKMARK [2][]{figure.caption.12}{\376\377\000A\000j\000o\000u\000t\000\040\000d\000'\000a\000r\000\352\000t\000e\000s\000\040\000\050\000l\000i\000e\000n\000s\000\051\000\040\000d\000a\000n\000s\000\040\000u\000n\000\040\000g\000r\000a\000p\000h\000e}{section.4.5}% 68
\BOOKMARK [2][]{figure.caption.12}{\376\377\000U\000t\000i\000l\000i\000s\000a\000t\000i\000o\000n\000s\000\040\000c\000o\000u\000r\000a\000n\000t\000e\000s\000\040\000d\000e\000s\000\040\000g\000r\000a\000p\000h\000e\000s}{section.4.5}% 69
\BOOKMARK [2][]{figure.caption.12}{\376\377\000A\000l\000g\000o\000r\000i\000t\000h\000m\000e\000s\000\040\000d\000e\000\040\000p\000a\000r\000c\000o\000u\000r\000s\000\040\000d\000e\000\040\000g\000r\000a\000p\000h\000e\000s}{section.4.5}% 70
\BOOKMARK [2][]{Item.117}{\376\377\000R\000\351\000s\000u\000m\000\351}{section.4.5}% 71
\BOOKMARK [0][]{chapter.5}{\376\377\0005\000\040\000A\000p\000p\000l\000i\000c\000a\000t\000i\000o\000n\000s\000\040\000d\000'\000a\000l\000g\000o\000r\000i\000t\000h\000m\000e\000s\000\040\000e\000n\000\040\000I\000A}{}% 72
\BOOKMARK [1][]{section.5.1}{\376\377\0005\000.\0001\000\040\000I\000n\000t\000r\000o\000d\000u\000c\000t\000i\000o\000n}{chapter.5}% 73
\BOOKMARK [1][]{section.5.2}{\376\377\0005\000.\0002\000\040\000A\000l\000g\000o\000r\000i\000t\000h\000m\000e\000s\000\040\000d\000'\000A\000p\000p\000r\000e\000n\000t\000i\000s\000s\000a\000g\000e\000\040\000S\000u\000p\000e\000r\000v\000i\000s\000\351}{chapter.5}% 74
\BOOKMARK [2][]{section*.13}{\376\377\000R\000\351\000g\000r\000e\000s\000s\000i\000o\000n\000\040\000L\000i\000n\000\351\000a\000i\000r\000e}{section.5.2}% 75
\BOOKMARK [2][]{Item.134}{\376\377\000R\000\351\000g\000r\000e\000s\000s\000i\000o\000n\000\040\000L\000o\000g\000i\000s\000t\000i\000q\000u\000e}{section.5.2}% 76
\BOOKMARK [2][]{Item.139}{\376\377\000C\000l\000u\000s\000t\000e\000r\000i\000n\000g\000\040\000a\000v\000e\000c\000\040\000K\000-\000m\000e\000a\000n\000s}{section.5.2}% 77
\BOOKMARK [0][]{chapter.6}{\376\377\0006\000\040\000C\000o\000r\000r\000i\000g\000\351\000e\000s\000\040\000d\000e\000s\000\040\000e\000x\000e\000r\000c\000i\000c\000e\000s}{}% 78
\BOOKMARK [1][]{section.6.1}{\376\377\0006\000.\0001\000\040\000S\000t\000r\000u\000c\000t\000u\000r\000e\000s\000\040\000d\000e\000\040\000d\000o\000n\000n\000\351\000e\000s\000\040\000f\000o\000n\000d\000a\000m\000e\000n\000t\000a\000l\000e\000s}{chapter.6}% 79
\BOOKMARK [2][]{section*.20}{\376\377\000V\000a\000r\000i\000a\000b\000l\000e\000s\000\040\000e\000t\000\040\000t\000y\000p\000e\000s\000\040\000d\000e\000\040\000d\000o\000n\000n\000\351\000e\000s}{section.6.1}% 80
\BOOKMARK [2][]{Item.158}{\376\377\000P\000o\000i\000n\000t\000e\000u\000r\000s}{section.6.1}% 81
\BOOKMARK [2][]{Item.162}{\376\377\000T\000a\000b\000l\000e\000a\000u\000x}{section.6.1}% 82
\BOOKMARK [2][]{lstnumber.-30.11}{\376\377\000C\000h\000a\000\356\000n\000e\000s\000\040\000d\000e\000\040\000c\000a\000r\000a\000c\000t\000\350\000r\000e\000s}{section.6.1}% 83
\BOOKMARK [2][]{lstnumber.-33.19}{\376\377\000S\000t\000r\000u\000c\000t\000u\000r\000e\000s}{section.6.1}% 84
\BOOKMARK [1][]{section.6.2}{\376\377\0006\000.\0002\000\040\000A\000l\000g\000o\000r\000i\000t\000h\000m\000e\000s\000\040\000d\000e\000\040\000t\000r\000i\000\040\000e\000t\000\040\000d\000e\000\040\000r\000e\000c\000h\000e\000r\000c\000h\000e}{chapter.6}% 85
\BOOKMARK [2][]{section*.21}{\376\377\000A\000l\000g\000o\000r\000i\000t\000h\000m\000e\000s\000\040\000d\000e\000\040\000t\000r\000i}{section.6.2}% 86
\BOOKMARK [2][]{lstnumber.-39.45}{\376\377\000A\000l\000g\000o\000r\000i\000t\000h\000m\000e\000s\000\040\000d\000e\000\040\000r\000e\000c\000h\000e\000r\000c\000h\000e}{section.6.2}% 87
\BOOKMARK [1][]{section.6.3}{\376\377\0006\000.\0003\000\040\000C\000o\000m\000p\000l\000e\000x\000i\000t\000\351\000\040\000a\000l\000g\000o\000r\000i\000t\000h\000m\000i\000q\000u\000e}{chapter.6}% 88
\BOOKMARK [1][]{section.6.4}{\376\377\0006\000.\0004\000\040\000S\000t\000r\000u\000c\000t\000u\000r\000e\000s\000\040\000d\000e\000\040\000d\000o\000n\000n\000\351\000e\000s\000\040\000a\000v\000a\000n\000c\000\351\000e\000s}{chapter.6}% 89
\BOOKMARK [2][]{section*.22}{\376\377\000L\000i\000s\000t\000e\000s\000\040\000c\000h\000a\000\356\000n\000\351\000e\000s}{section.6.4}% 90
\BOOKMARK [2][]{lstnumber.-46.28}{\376\377\000P\000i\000l\000e\000s}{section.6.4}% 91
\BOOKMARK [2][]{lstnumber.-50.14}{\376\377\000F\000i\000l\000e\000s}{section.6.4}% 92
\BOOKMARK [2][]{lstnumber.-53.18}{\376\377\000A\000r\000b\000r\000e\000s\000\040\000b\000i\000n\000a\000i\000r\000e\000s}{section.6.4}% 93
\BOOKMARK [2][]{lstnumber.-56.25}{\376\377\000G\000r\000a\000p\000h\000e\000s}{section.6.4}% 94
\BOOKMARK [1][]{section.6.5}{\376\377\0006\000.\0005\000\040\000A\000p\000p\000l\000i\000c\000a\000t\000i\000o\000n\000s\000\040\000d\000'\000a\000l\000g\000o\000r\000i\000t\000h\000m\000e\000s\000\040\000e\000n\000\040\000I\000A}{chapter.6}% 95
